<?xml version="1.0" encoding="UTF-8"?>
<testsuites name="Login" time="206.914" tests="5" failures="0" errors="0">
   <testsuite name="Login" tests="5" failures="0" errors="0" time="206.914" skipped="0" timestamp="2022-10-30 15:02:58" hostname="Agung - DESKTOP-EC2DV20" id="Test Suites/Login/Login">
      <properties>
         <property name="deviceName" value=""/>
         <property name="devicePlatform" value=""/>
         <property name="logFolder" value="C:\\Users\\Agung\\Katalon Studio\\challengeplatinum\\Reports\\20221030_150225\\Login\\Login\\20221030_150225"/>
         <property name="logFiles" value="C:\\Users\\Agung\\Katalon Studio\\challengeplatinum\\Reports\\20221030_150225\\Login\\Login\\20221030_150225\\execution0.log"/>
         <property name="attachments" value=""/>
         <property name="hostName" value="Agung - DESKTOP-EC2DV20"/>
         <property name="os" value="Windows 10 64bit"/>
         <property name="katalonVersion" value="8.5.1.208"/>
         <property name="browser" value="Chrome 106.0.0.0"/>
         <property name="hostAddress" value="192.168.246.136"/>
         <property name="sessionId" value="1bf5e59d8ae30059db29f97d3da809fb"/>
         <property name="seleniumVersion" value="3.141.59"/>
         <property name="proxyInformation" value="ProxyInformation { proxyOption=NO_PROXY, proxyServerType=HTTP, username=, password=********, proxyServerAddress=, proxyServerPort=0, executionList=&quot;&quot;, isApplyToDesiredCapabilities=true }"/>
         <property name="platform" value="Windows 10"/>
      </properties>
      <testcase name="Test Cases/Step Definition/Feature Login/Log001 - User want to login using incorrect credential" time="42.52" classname="Test Cases/Step Definition/Feature Login/Log001 - User want to login using incorrect credential" status="PASSED">
         <system-out><![CDATA[2022-10-30 15:02:58 - [TEST_CASE][PASSED] - Test Cases/Step Definition/Feature Login/Log001 - User want to login using incorrect credential: Test Cases/Step Definition/Feature Login/Log001 - User want to login using incorrect credential

2022-10-30 15:02:58 - [TEST_STEP][PASSED] - Start listener action : beforeTestCase: Navigate to 'https://deployed-five.vercel.app/' successfully

2022-10-30 15:02:59 - [TEST_STEP][PASSED] - logInfo("Test Case: " + testCaseContext.getTestCaseId()): Test Case: Test Cases/Step Definition/Feature Login/Log001 - User want to login using incorrect credential

2022-10-30 15:02:59 - [MESSAGE][INFO] - Test Case: Test Cases/Step Definition/Feature Login/Log001 - User want to login using incorrect credential

2022-10-30 15:02:59 - [TEST_STEP][PASSED] - openBrowser(): null

2022-10-30 15:02:59 - [TEST_STEP][PASSED] - openBrowser(""): Browser is opened with url: ''

2022-10-30 15:03:00 - [MESSAGE][INFO] - Starting 'Chrome' driver

2022-10-30 15:03:01 - [MESSAGE][INFO] - Action delay is set to 0 milliseconds

2022-10-30 15:03:14 - [MESSAGE][PASSED] - Browser is opened with url: ''

2022-10-30 15:03:14 - [TEST_STEP][PASSED] - maximizeWindow(): Current window maximized

2022-10-30 15:03:14 - [MESSAGE][PASSED] - Current window maximized

2022-10-30 15:03:14 - [TEST_STEP][PASSED] - navigateToUrl("https://deployed-five.vercel.app/"): Navigate to 'https://deployed-five.vercel.app/' successfully

2022-10-30 15:03:17 - [MESSAGE][PASSED] - Navigate to 'https://deployed-five.vercel.app/' successfully

2022-10-30 15:03:18 - [TEST_STEP][PASSED] - callTestCase(findTestCase("Page/Login/Click Enter to Login Page"), [:], STOP_ON_FAILURE): Call Test Case 'Test Cases/Page/Login/Click Enter to Login Page' successfully

2022-10-30 15:03:18 - [TEST_CASE][PASSED] - Test Cases/Page/Login/Click Enter to Login Page: Test Cases/Page/Login/Click Enter to Login Page

2022-10-30 15:03:19 - [TEST_STEP][PASSED] - click(findTestObject("Page_Login/button_MasukHomePage")): Object: 'Object Repository/Page_Login/button_MasukHomePage' is clicked on

2022-10-30 15:03:22 - [MESSAGE][PASSED] - Object: 'Object Repository/Page_Login/button_MasukHomePage' is clicked on

2022-10-30 15:03:22 - [MESSAGE][PASSED] - Call Test Case 'Test Cases/Page/Login/Click Enter to Login Page' successfully

2022-10-30 15:03:22 - [TEST_STEP][PASSED] - callTestCase(findTestCase("Page/Login/Verify Content"), [:], STOP_ON_FAILURE): Call Test Case 'Test Cases/Page/Login/Verify Content' successfully

2022-10-30 15:03:22 - [TEST_CASE][PASSED] - Test Cases/Page/Login/Verify Content: Test Cases/Page/Login/Verify Content

2022-10-30 15:03:23 - [TEST_STEP][PASSED] - verifyElementVisible(findTestObject("Page_Login/image_PageLogin")): Object 'Object Repository/Page_Login/image_PageLogin' is visible

2022-10-30 15:03:24 - [MESSAGE][PASSED] - Object 'Object Repository/Page_Login/image_PageLogin' is visible

2022-10-30 15:03:24 - [TEST_STEP][PASSED] - verifyElementVisible(findTestObject("Page_Login/text_Masuk")): Object 'Object Repository/Page_Login/text_Masuk' is visible

2022-10-30 15:03:24 - [MESSAGE][PASSED] - Object 'Object Repository/Page_Login/text_Masuk' is visible

2022-10-30 15:03:24 - [TEST_STEP][PASSED] - verifyElementVisible(findTestObject("Page_Login/text_SecondHand")): Object 'Object Repository/Page_Login/text_SecondHand' is visible

2022-10-30 15:03:25 - [MESSAGE][PASSED] - Object 'Object Repository/Page_Login/text_SecondHand' is visible

2022-10-30 15:03:25 - [TEST_STEP][PASSED] - verifyElementVisible(findTestObject("Page_Login/label_Email")): Object 'Object Repository/Page_Login/label_Email' is visible

2022-10-30 15:03:25 - [MESSAGE][PASSED] - Object 'Object Repository/Page_Login/label_Email' is visible

2022-10-30 15:03:25 - [TEST_STEP][PASSED] - verifyElementVisible(findTestObject("Page_Login/textbox_Email")): Object 'Object Repository/Page_Login/textbox_Email' is visible

2022-10-30 15:03:26 - [MESSAGE][PASSED] - Object 'Object Repository/Page_Login/textbox_Email' is visible

2022-10-30 15:03:26 - [TEST_STEP][PASSED] - verifyElementVisible(findTestObject("Page_Login/label_Password")): Object 'Object Repository/Page_Login/label_Password' is visible

2022-10-30 15:03:26 - [MESSAGE][PASSED] - Object 'Object Repository/Page_Login/label_Password' is visible

2022-10-30 15:03:26 - [TEST_STEP][PASSED] - verifyElementVisible(findTestObject("Page_Login/textbox_Password")): Object 'Object Repository/Page_Login/textbox_Password' is visible

2022-10-30 15:03:27 - [MESSAGE][PASSED] - Object 'Object Repository/Page_Login/textbox_Password' is visible

2022-10-30 15:03:27 - [TEST_STEP][PASSED] - verifyElementVisible(findTestObject("Page_Login/button_Masuk")): Object 'Object Repository/Page_Login/button_Masuk' is visible

2022-10-30 15:03:27 - [MESSAGE][PASSED] - Object 'Object Repository/Page_Login/button_Masuk' is visible

2022-10-30 15:03:27 - [MESSAGE][PASSED] - Call Test Case 'Test Cases/Page/Login/Verify Content' successfully

2022-10-30 15:03:27 - [TEST_STEP][PASSED] - callTestCase(findTestCase("Page/Login/Input Email"), ["email":"makanmalam@gmail.com"], STOP_ON_FAILURE): Call Test Case 'Test Cases/Page/Login/Input Email' successfully

2022-10-30 15:03:27 - [TEST_CASE][PASSED] - Test Cases/Page/Login/Input Email: Test Cases/Page/Login/Input Email

2022-10-30 15:03:28 - [TEST_STEP][PASSED] - clearText(findTestObject("Page_Login/textbox_Email")): Text of object 'Object Repository/Page_Login/textbox_Email' is cleared

2022-10-30 15:03:29 - [MESSAGE][PASSED] - Text of object 'Object Repository/Page_Login/textbox_Email' is cleared

2022-10-30 15:03:29 - [TEST_STEP][PASSED] - sendKeys(findTestObject("Page_Login/textbox_Email"), email): Keys 'makanmalam@gmail.com' sent to object: 'Object Repository/Page_Login/textbox_Email'

2022-10-30 15:03:29 - [MESSAGE][PASSED] - Keys 'makanmalam@gmail.com' sent to object: 'Object Repository/Page_Login/textbox_Email'

2022-10-30 15:03:29 - [MESSAGE][PASSED] - Call Test Case 'Test Cases/Page/Login/Input Email' successfully

2022-10-30 15:03:29 - [TEST_STEP][PASSED] - callTestCase(findTestCase("Page/Login/Input Password"), ["password":"12345"], STOP_ON_FAILURE): Call Test Case 'Test Cases/Page/Login/Input Password' successfully

2022-10-30 15:03:29 - [TEST_CASE][PASSED] - Test Cases/Page/Login/Input Password: Test Cases/Page/Login/Input Password

2022-10-30 15:03:30 - [TEST_STEP][PASSED] - clearText(findTestObject("Page_Login/textbox_Password")): Text of object 'Object Repository/Page_Login/textbox_Password' is cleared

2022-10-30 15:03:31 - [MESSAGE][PASSED] - Text of object 'Object Repository/Page_Login/textbox_Password' is cleared

2022-10-30 15:03:31 - [TEST_STEP][PASSED] - sendKeys(findTestObject("Page_Login/textbox_Password"), password): Keys '12345' sent to object: 'Object Repository/Page_Login/textbox_Password'

2022-10-30 15:03:31 - [MESSAGE][PASSED] - Keys '12345' sent to object: 'Object Repository/Page_Login/textbox_Password'

2022-10-30 15:03:31 - [MESSAGE][PASSED] - Call Test Case 'Test Cases/Page/Login/Input Password' successfully

2022-10-30 15:03:31 - [TEST_STEP][PASSED] - callTestCase(findTestCase("Page/Login/Click Login"), [:], STOP_ON_FAILURE): Call Test Case 'Test Cases/Page/Login/Click Login' successfully

2022-10-30 15:03:31 - [TEST_CASE][PASSED] - Test Cases/Page/Login/Click Login: Test Cases/Page/Login/Click Login

2022-10-30 15:03:32 - [TEST_STEP][PASSED] - click(findTestObject("Page_Login/button_Masuk")): Object: 'Object Repository/Page_Login/button_Masuk' is clicked on

2022-10-30 15:03:33 - [MESSAGE][PASSED] - Object: 'Object Repository/Page_Login/button_Masuk' is clicked on

2022-10-30 15:03:33 - [MESSAGE][PASSED] - Call Test Case 'Test Cases/Page/Login/Click Login' successfully

2022-10-30 15:03:33 - [TEST_STEP][PASSED] - callTestCase(findTestCase("Page/Login/Verify Account"), [:], STOP_ON_FAILURE): Call Test Case 'Test Cases/Page/Login/Verify Account' successfully

2022-10-30 15:03:33 - [TEST_CASE][PASSED] - Test Cases/Page/Login/Verify Account: Test Cases/Page/Login/Verify Account

2022-10-30 15:03:34 - [TEST_STEP][PASSED] - verifyElementVisible(findTestObject("Page_Login/popup_Akun tidak ditemukan")): Object 'Object Repository/Page_Login/popup_Akun tidak ditemukan' is visible

2022-10-30 15:03:35 - [MESSAGE][PASSED] - Object 'Object Repository/Page_Login/popup_Akun tidak ditemukan' is visible

2022-10-30 15:03:35 - [MESSAGE][PASSED] - Call Test Case 'Test Cases/Page/Login/Verify Account' successfully

2022-10-30 15:03:35 - [TEST_STEP][PASSED] - delay(5): Delayed 5 second(s)

2022-10-30 15:03:40 - [MESSAGE][PASSED] - Delayed 5 second(s)

2022-10-30 15:03:40 - [TEST_STEP][PASSED] - Start listener action : afterTestCase: Browser is closed

2022-10-30 15:03:40 - [TEST_STEP][PASSED] - logInfo("Test Case: " + testCaseContext.getTestCaseId()): Test Case: Test Cases/Step Definition/Feature Login/Log001 - User want to login using incorrect credential

2022-10-30 15:03:40 - [MESSAGE][INFO] - Test Case: Test Cases/Step Definition/Feature Login/Log001 - User want to login using incorrect credential

2022-10-30 15:03:40 - [TEST_STEP][PASSED] - closeBrowser(): null

2022-10-30 15:03:40 - [TEST_STEP][PASSED] - closeBrowser(): Browser is closed

2022-10-30 15:03:41 - [MESSAGE][PASSED] - Browser is closed]]></system-out>
         <system-err><![CDATA[]]></system-err>
      </testcase>
      <testcase name="Test Cases/Step Definition/Feature Login/Log002 - User want to login without input email" time="48.985" classname="Test Cases/Step Definition/Feature Login/Log002 - User want to login without input email" status="PASSED">
         <system-out><![CDATA[2022-10-30 15:03:41 - [TEST_CASE][PASSED] - Test Cases/Step Definition/Feature Login/Log002 - User want to login without input email: Test Cases/Step Definition/Feature Login/Log002 - User want to login without input email

2022-10-30 15:03:41 - [TEST_STEP][PASSED] - Start listener action : beforeTestCase: Navigate to 'https://deployed-five.vercel.app/' successfully

2022-10-30 15:03:41 - [TEST_STEP][PASSED] - logInfo("Test Case: " + testCaseContext.getTestCaseId()): Test Case: Test Cases/Step Definition/Feature Login/Log002 - User want to login without input email

2022-10-30 15:03:41 - [MESSAGE][INFO] - Test Case: Test Cases/Step Definition/Feature Login/Log002 - User want to login without input email

2022-10-30 15:03:41 - [TEST_STEP][PASSED] - openBrowser(): null

2022-10-30 15:03:41 - [TEST_STEP][PASSED] - openBrowser(""): Browser is opened with url: ''

2022-10-30 15:03:41 - [MESSAGE][INFO] - Starting 'Chrome' driver

2022-10-30 15:03:41 - [MESSAGE][INFO] - Action delay is set to 0 milliseconds

2022-10-30 15:03:43 - [MESSAGE][PASSED] - Browser is opened with url: ''

2022-10-30 15:03:43 - [TEST_STEP][PASSED] - maximizeWindow(): Current window maximized

2022-10-30 15:03:44 - [MESSAGE][PASSED] - Current window maximized

2022-10-30 15:03:44 - [TEST_STEP][PASSED] - navigateToUrl("https://deployed-five.vercel.app/"): Navigate to 'https://deployed-five.vercel.app/' successfully

2022-10-30 15:03:49 - [MESSAGE][PASSED] - Navigate to 'https://deployed-five.vercel.app/' successfully

2022-10-30 15:03:50 - [TEST_STEP][PASSED] - callTestCase(findTestCase("Page/Login/Click Enter to Login Page"), [:], STOP_ON_FAILURE): Call Test Case 'Test Cases/Page/Login/Click Enter to Login Page' successfully

2022-10-30 15:03:50 - [TEST_CASE][PASSED] - Test Cases/Page/Login/Click Enter to Login Page: Test Cases/Page/Login/Click Enter to Login Page

2022-10-30 15:03:50 - [TEST_STEP][PASSED] - click(findTestObject("Page_Login/button_MasukHomePage")): Object: 'Object Repository/Page_Login/button_MasukHomePage' is clicked on

2022-10-30 15:03:52 - [MESSAGE][PASSED] - Object: 'Object Repository/Page_Login/button_MasukHomePage' is clicked on

2022-10-30 15:03:52 - [MESSAGE][PASSED] - Call Test Case 'Test Cases/Page/Login/Click Enter to Login Page' successfully

2022-10-30 15:03:52 - [TEST_STEP][PASSED] - callTestCase(findTestCase("Page/Login/Verify Content"), [:], STOP_ON_FAILURE): Call Test Case 'Test Cases/Page/Login/Verify Content' successfully

2022-10-30 15:03:52 - [TEST_CASE][PASSED] - Test Cases/Page/Login/Verify Content: Test Cases/Page/Login/Verify Content

2022-10-30 15:03:52 - [TEST_STEP][PASSED] - verifyElementVisible(findTestObject("Page_Login/image_PageLogin")): Object 'Object Repository/Page_Login/image_PageLogin' is visible

2022-10-30 15:03:52 - [MESSAGE][PASSED] - Object 'Object Repository/Page_Login/image_PageLogin' is visible

2022-10-30 15:03:52 - [TEST_STEP][PASSED] - verifyElementVisible(findTestObject("Page_Login/text_Masuk")): Object 'Object Repository/Page_Login/text_Masuk' is visible

2022-10-30 15:03:53 - [MESSAGE][PASSED] - Object 'Object Repository/Page_Login/text_Masuk' is visible

2022-10-30 15:03:53 - [TEST_STEP][PASSED] - verifyElementVisible(findTestObject("Page_Login/text_SecondHand")): Object 'Object Repository/Page_Login/text_SecondHand' is visible

2022-10-30 15:03:53 - [MESSAGE][PASSED] - Object 'Object Repository/Page_Login/text_SecondHand' is visible

2022-10-30 15:03:53 - [TEST_STEP][PASSED] - verifyElementVisible(findTestObject("Page_Login/label_Email")): Object 'Object Repository/Page_Login/label_Email' is visible

2022-10-30 15:03:54 - [MESSAGE][PASSED] - Object 'Object Repository/Page_Login/label_Email' is visible

2022-10-30 15:03:54 - [TEST_STEP][PASSED] - verifyElementVisible(findTestObject("Page_Login/textbox_Email")): Object 'Object Repository/Page_Login/textbox_Email' is visible

2022-10-30 15:03:54 - [MESSAGE][PASSED] - Object 'Object Repository/Page_Login/textbox_Email' is visible

2022-10-30 15:03:54 - [TEST_STEP][PASSED] - verifyElementVisible(findTestObject("Page_Login/label_Password")): Object 'Object Repository/Page_Login/label_Password' is visible

2022-10-30 15:03:54 - [MESSAGE][PASSED] - Object 'Object Repository/Page_Login/label_Password' is visible

2022-10-30 15:03:54 - [TEST_STEP][PASSED] - verifyElementVisible(findTestObject("Page_Login/textbox_Password")): Object 'Object Repository/Page_Login/textbox_Password' is visible

2022-10-30 15:03:55 - [MESSAGE][PASSED] - Object 'Object Repository/Page_Login/textbox_Password' is visible

2022-10-30 15:03:55 - [TEST_STEP][PASSED] - verifyElementVisible(findTestObject("Page_Login/button_Masuk")): Object 'Object Repository/Page_Login/button_Masuk' is visible

2022-10-30 15:03:55 - [MESSAGE][PASSED] - Object 'Object Repository/Page_Login/button_Masuk' is visible

2022-10-30 15:03:55 - [MESSAGE][PASSED] - Call Test Case 'Test Cases/Page/Login/Verify Content' successfully

2022-10-30 15:03:55 - [TEST_STEP][PASSED] - callTestCase(findTestCase("Page/Login/Input Password"), ["password":"students1234"], STOP_ON_FAILURE): Call Test Case 'Test Cases/Page/Login/Input Password' successfully

2022-10-30 15:03:55 - [TEST_CASE][PASSED] - Test Cases/Page/Login/Input Password: Test Cases/Page/Login/Input Password

2022-10-30 15:03:55 - [TEST_STEP][PASSED] - clearText(findTestObject("Page_Login/textbox_Password")): Text of object 'Object Repository/Page_Login/textbox_Password' is cleared

2022-10-30 15:03:56 - [MESSAGE][PASSED] - Text of object 'Object Repository/Page_Login/textbox_Password' is cleared

2022-10-30 15:03:56 - [TEST_STEP][PASSED] - sendKeys(findTestObject("Page_Login/textbox_Password"), password): Keys 'students1234' sent to object: 'Object Repository/Page_Login/textbox_Password'

2022-10-30 15:03:56 - [MESSAGE][PASSED] - Keys 'students1234' sent to object: 'Object Repository/Page_Login/textbox_Password'

2022-10-30 15:03:56 - [MESSAGE][PASSED] - Call Test Case 'Test Cases/Page/Login/Input Password' successfully

2022-10-30 15:03:56 - [TEST_STEP][PASSED] - callTestCase(findTestCase("Page/Login/Click Login"), [:], STOP_ON_FAILURE): Call Test Case 'Test Cases/Page/Login/Click Login' successfully

2022-10-30 15:03:56 - [TEST_CASE][PASSED] - Test Cases/Page/Login/Click Login: Test Cases/Page/Login/Click Login

2022-10-30 15:03:56 - [TEST_STEP][PASSED] - click(findTestObject("Page_Login/button_Masuk")): Object: 'Object Repository/Page_Login/button_Masuk' is clicked on

2022-10-30 15:03:57 - [MESSAGE][PASSED] - Object: 'Object Repository/Page_Login/button_Masuk' is clicked on

2022-10-30 15:03:57 - [MESSAGE][PASSED] - Call Test Case 'Test Cases/Page/Login/Click Login' successfully

2022-10-30 15:03:57 - [TEST_STEP][PASSED] - callTestCase(findTestCase("Page/Login/Verify Account"), [:], STOP_ON_FAILURE): Call Test Case 'Test Cases/Page/Login/Verify Account' successfully

2022-10-30 15:03:57 - [TEST_CASE][PASSED] - Test Cases/Page/Login/Verify Account: Test Cases/Page/Login/Verify Account

2022-10-30 15:03:57 - [TEST_STEP][PASSED] - verifyElementVisible(findTestObject("Page_Login/popup_Akun tidak ditemukan")): Object 'Object Repository/Page_Login/popup_Akun tidak ditemukan' is visible

2022-10-30 15:04:29 - [MESSAGE][INFO] - Unable to find the element located by 'By.xpath: id("root")/div[@class="App"]/div[@class="row"]/div[@class="col-sm-6 form-register"]/form[1]/div[@class="alert alert-danger alert-dismissible fade show"][count(. | //*[(text() = 'Akun tidak ditemukan×' or . = 'Akun tidak ditemukan×')]) = count(//*[(text() = 'Akun tidak ditemukan×' or . = 'Akun tidak ditemukan×')])]'. Please recheck the objects properties to make sure the desired element is located. 

2022-10-30 15:04:29 - [MESSAGE][WARNING] - [SELF-HEALING] Failed to find element with id 'Object Repository/Page_Login/popup_Akun tidak ditemukan'. Try using Self-healing.

2022-10-30 15:04:29 - [MESSAGE][WARNING] - [SELF-HEALING] The current locator of test object 'Object Repository/Page_Login/popup_Akun tidak ditemukan' was broken. Propose an alternative one: '//div[@id='root']/div/div/div[2]/form/div'.

2022-10-30 15:04:29 - [MESSAGE][PASSED] - Object 'Object Repository/Page_Login/popup_Akun tidak ditemukan' is visible

2022-10-30 15:04:29 - [MESSAGE][INFO] - 

2022-10-30 15:04:29 - [MESSAGE][INFO] - ===================== Self-healing Report ====================

2022-10-30 15:04:29 - [MESSAGE][INFO] - One of the failed test object locators has been recovered by Self-healing. Please refer to the Self-healing Insights tab for more details.

2022-10-30 15:04:29 - [MESSAGE][INFO] - To learn more about Self-healing, please read https://docs.katalon.com/katalon-studio/docs/self-healing.html

2022-10-30 15:04:29 - [MESSAGE][INFO] - ==============================================================

2022-10-30 15:04:29 - [MESSAGE][PASSED] - Call Test Case 'Test Cases/Page/Login/Verify Account' successfully

2022-10-30 15:04:29 - [TEST_STEP][PASSED] - delay(0): Delayed 0 second(s)

2022-10-30 15:04:29 - [MESSAGE][PASSED] - Delayed 0 second(s)

2022-10-30 15:04:29 - [TEST_STEP][PASSED] - Start listener action : afterTestCase: Browser is closed

2022-10-30 15:04:29 - [TEST_STEP][PASSED] - logInfo("Test Case: " + testCaseContext.getTestCaseId()): Test Case: Test Cases/Step Definition/Feature Login/Log002 - User want to login without input email

2022-10-30 15:04:29 - [MESSAGE][INFO] - Test Case: Test Cases/Step Definition/Feature Login/Log002 - User want to login without input email

2022-10-30 15:04:29 - [TEST_STEP][PASSED] - closeBrowser(): null

2022-10-30 15:04:29 - [TEST_STEP][PASSED] - closeBrowser(): Browser is closed

2022-10-30 15:04:30 - [MESSAGE][PASSED] - Browser is closed]]></system-out>
         <system-err><![CDATA[]]></system-err>
      </testcase>
      <testcase name="Test Cases/Step Definition/Feature Login/Log003 - User want to login without input password" time="47.097" classname="Test Cases/Step Definition/Feature Login/Log003 - User want to login without input password" status="PASSED">
         <system-out><![CDATA[2022-10-30 15:04:30 - [TEST_CASE][PASSED] - Test Cases/Step Definition/Feature Login/Log003 - User want to login without input password: Test Cases/Step Definition/Feature Login/Log003 - User want to login without input password

2022-10-30 15:04:30 - [TEST_STEP][PASSED] - Start listener action : beforeTestCase: Navigate to 'https://deployed-five.vercel.app/' successfully

2022-10-30 15:04:30 - [TEST_STEP][PASSED] - logInfo("Test Case: " + testCaseContext.getTestCaseId()): Test Case: Test Cases/Step Definition/Feature Login/Log003 - User want to login without input password

2022-10-30 15:04:30 - [MESSAGE][INFO] - Test Case: Test Cases/Step Definition/Feature Login/Log003 - User want to login without input password

2022-10-30 15:04:30 - [TEST_STEP][PASSED] - openBrowser(): null

2022-10-30 15:04:30 - [TEST_STEP][PASSED] - openBrowser(""): Browser is opened with url: ''

2022-10-30 15:04:30 - [MESSAGE][INFO] - Starting 'Chrome' driver

2022-10-30 15:04:30 - [MESSAGE][INFO] - Action delay is set to 0 milliseconds

2022-10-30 15:04:32 - [MESSAGE][PASSED] - Browser is opened with url: ''

2022-10-30 15:04:32 - [TEST_STEP][PASSED] - maximizeWindow(): Current window maximized

2022-10-30 15:04:32 - [MESSAGE][PASSED] - Current window maximized

2022-10-30 15:04:32 - [TEST_STEP][PASSED] - navigateToUrl("https://deployed-five.vercel.app/"): Navigate to 'https://deployed-five.vercel.app/' successfully

2022-10-30 15:04:35 - [MESSAGE][PASSED] - Navigate to 'https://deployed-five.vercel.app/' successfully

2022-10-30 15:04:36 - [TEST_STEP][PASSED] - callTestCase(findTestCase("Page/Login/Click Enter to Login Page"), [:], STOP_ON_FAILURE): Call Test Case 'Test Cases/Page/Login/Click Enter to Login Page' successfully

2022-10-30 15:04:36 - [TEST_CASE][PASSED] - Test Cases/Page/Login/Click Enter to Login Page: Test Cases/Page/Login/Click Enter to Login Page

2022-10-30 15:04:36 - [TEST_STEP][PASSED] - click(findTestObject("Page_Login/button_MasukHomePage")): Object: 'Object Repository/Page_Login/button_MasukHomePage' is clicked on

2022-10-30 15:04:38 - [MESSAGE][PASSED] - Object: 'Object Repository/Page_Login/button_MasukHomePage' is clicked on

2022-10-30 15:04:38 - [MESSAGE][PASSED] - Call Test Case 'Test Cases/Page/Login/Click Enter to Login Page' successfully

2022-10-30 15:04:38 - [TEST_STEP][PASSED] - callTestCase(findTestCase("Page/Login/Verify Content"), [:], STOP_ON_FAILURE): Call Test Case 'Test Cases/Page/Login/Verify Content' successfully

2022-10-30 15:04:38 - [TEST_CASE][PASSED] - Test Cases/Page/Login/Verify Content: Test Cases/Page/Login/Verify Content

2022-10-30 15:04:38 - [TEST_STEP][PASSED] - verifyElementVisible(findTestObject("Page_Login/image_PageLogin")): Object 'Object Repository/Page_Login/image_PageLogin' is visible

2022-10-30 15:04:39 - [MESSAGE][PASSED] - Object 'Object Repository/Page_Login/image_PageLogin' is visible

2022-10-30 15:04:39 - [TEST_STEP][PASSED] - verifyElementVisible(findTestObject("Page_Login/text_Masuk")): Object 'Object Repository/Page_Login/text_Masuk' is visible

2022-10-30 15:04:40 - [MESSAGE][PASSED] - Object 'Object Repository/Page_Login/text_Masuk' is visible

2022-10-30 15:04:40 - [TEST_STEP][PASSED] - verifyElementVisible(findTestObject("Page_Login/text_SecondHand")): Object 'Object Repository/Page_Login/text_SecondHand' is visible

2022-10-30 15:04:40 - [MESSAGE][PASSED] - Object 'Object Repository/Page_Login/text_SecondHand' is visible

2022-10-30 15:04:40 - [TEST_STEP][PASSED] - verifyElementVisible(findTestObject("Page_Login/label_Email")): Object 'Object Repository/Page_Login/label_Email' is visible

2022-10-30 15:04:41 - [MESSAGE][PASSED] - Object 'Object Repository/Page_Login/label_Email' is visible

2022-10-30 15:04:41 - [TEST_STEP][PASSED] - verifyElementVisible(findTestObject("Page_Login/textbox_Email")): Object 'Object Repository/Page_Login/textbox_Email' is visible

2022-10-30 15:04:41 - [MESSAGE][PASSED] - Object 'Object Repository/Page_Login/textbox_Email' is visible

2022-10-30 15:04:41 - [TEST_STEP][PASSED] - verifyElementVisible(findTestObject("Page_Login/label_Password")): Object 'Object Repository/Page_Login/label_Password' is visible

2022-10-30 15:04:41 - [MESSAGE][PASSED] - Object 'Object Repository/Page_Login/label_Password' is visible

2022-10-30 15:04:41 - [TEST_STEP][PASSED] - verifyElementVisible(findTestObject("Page_Login/textbox_Password")): Object 'Object Repository/Page_Login/textbox_Password' is visible

2022-10-30 15:04:42 - [MESSAGE][PASSED] - Object 'Object Repository/Page_Login/textbox_Password' is visible

2022-10-30 15:04:42 - [TEST_STEP][PASSED] - verifyElementVisible(findTestObject("Page_Login/button_Masuk")): Object 'Object Repository/Page_Login/button_Masuk' is visible

2022-10-30 15:04:42 - [MESSAGE][PASSED] - Object 'Object Repository/Page_Login/button_Masuk' is visible

2022-10-30 15:04:42 - [MESSAGE][PASSED] - Call Test Case 'Test Cases/Page/Login/Verify Content' successfully

2022-10-30 15:04:42 - [TEST_STEP][PASSED] - callTestCase(findTestCase("Page/Login/Input Email"), ["email":"binarqae1@gmail.com"], STOP_ON_FAILURE): Call Test Case 'Test Cases/Page/Login/Input Email' successfully

2022-10-30 15:04:42 - [TEST_CASE][PASSED] - Test Cases/Page/Login/Input Email: Test Cases/Page/Login/Input Email

2022-10-30 15:04:42 - [TEST_STEP][PASSED] - clearText(findTestObject("Page_Login/textbox_Email")): Text of object 'Object Repository/Page_Login/textbox_Email' is cleared

2022-10-30 15:04:43 - [MESSAGE][PASSED] - Text of object 'Object Repository/Page_Login/textbox_Email' is cleared

2022-10-30 15:04:43 - [TEST_STEP][PASSED] - sendKeys(findTestObject("Page_Login/textbox_Email"), email): Keys 'binarqae1@gmail.com' sent to object: 'Object Repository/Page_Login/textbox_Email'

2022-10-30 15:04:44 - [MESSAGE][PASSED] - Keys 'binarqae1@gmail.com' sent to object: 'Object Repository/Page_Login/textbox_Email'

2022-10-30 15:04:44 - [MESSAGE][PASSED] - Call Test Case 'Test Cases/Page/Login/Input Email' successfully

2022-10-30 15:04:44 - [TEST_STEP][PASSED] - callTestCase(findTestCase("Page/Login/Click Login"), [:], STOP_ON_FAILURE): Call Test Case 'Test Cases/Page/Login/Click Login' successfully

2022-10-30 15:04:44 - [TEST_CASE][PASSED] - Test Cases/Page/Login/Click Login: Test Cases/Page/Login/Click Login

2022-10-30 15:04:44 - [TEST_STEP][PASSED] - click(findTestObject("Page_Login/button_Masuk")): Object: 'Object Repository/Page_Login/button_Masuk' is clicked on

2022-10-30 15:04:44 - [MESSAGE][PASSED] - Object: 'Object Repository/Page_Login/button_Masuk' is clicked on

2022-10-30 15:04:44 - [MESSAGE][PASSED] - Call Test Case 'Test Cases/Page/Login/Click Login' successfully

2022-10-30 15:04:44 - [TEST_STEP][PASSED] - callTestCase(findTestCase("Page/Login/Verify Account"), [:], STOP_ON_FAILURE): Call Test Case 'Test Cases/Page/Login/Verify Account' successfully

2022-10-30 15:04:44 - [TEST_CASE][PASSED] - Test Cases/Page/Login/Verify Account: Test Cases/Page/Login/Verify Account

2022-10-30 15:04:44 - [TEST_STEP][PASSED] - verifyElementVisible(findTestObject("Page_Login/popup_Akun tidak ditemukan")): Object 'Object Repository/Page_Login/popup_Akun tidak ditemukan' is visible

2022-10-30 15:05:16 - [MESSAGE][INFO] - Unable to find the element located by 'By.xpath: id("root")/div[@class="App"]/div[@class="row"]/div[@class="col-sm-6 form-register"]/form[1]/div[@class="alert alert-danger alert-dismissible fade show"][count(. | //*[(text() = 'Akun tidak ditemukan×' or . = 'Akun tidak ditemukan×')]) = count(//*[(text() = 'Akun tidak ditemukan×' or . = 'Akun tidak ditemukan×')])]'. Please recheck the objects properties to make sure the desired element is located. 

2022-10-30 15:05:16 - [MESSAGE][WARNING] - [SELF-HEALING] Failed to find element with id 'Object Repository/Page_Login/popup_Akun tidak ditemukan'. Try using Self-healing.

2022-10-30 15:05:16 - [MESSAGE][WARNING] - [SELF-HEALING] The current locator of test object 'Object Repository/Page_Login/popup_Akun tidak ditemukan' was broken. Propose an alternative one: '//div[@id='root']/div/div/div[2]/form/div'.

2022-10-30 15:05:16 - [MESSAGE][PASSED] - Object 'Object Repository/Page_Login/popup_Akun tidak ditemukan' is visible

2022-10-30 15:05:16 - [MESSAGE][INFO] - 

2022-10-30 15:05:16 - [MESSAGE][INFO] - ===================== Self-healing Report ====================

2022-10-30 15:05:16 - [MESSAGE][INFO] - One of the failed test object locators has been recovered by Self-healing. Please refer to the Self-healing Insights tab for more details.

2022-10-30 15:05:16 - [MESSAGE][INFO] - To learn more about Self-healing, please read https://docs.katalon.com/katalon-studio/docs/self-healing.html

2022-10-30 15:05:16 - [MESSAGE][INFO] - ==============================================================

2022-10-30 15:05:16 - [MESSAGE][PASSED] - Call Test Case 'Test Cases/Page/Login/Verify Account' successfully

2022-10-30 15:05:16 - [TEST_STEP][PASSED] - delay(0): Delayed 0 second(s)

2022-10-30 15:05:16 - [MESSAGE][PASSED] - Delayed 0 second(s)

2022-10-30 15:05:16 - [TEST_STEP][PASSED] - Start listener action : afterTestCase: Browser is closed

2022-10-30 15:05:16 - [TEST_STEP][PASSED] - logInfo("Test Case: " + testCaseContext.getTestCaseId()): Test Case: Test Cases/Step Definition/Feature Login/Log003 - User want to login without input password

2022-10-30 15:05:16 - [MESSAGE][INFO] - Test Case: Test Cases/Step Definition/Feature Login/Log003 - User want to login without input password

2022-10-30 15:05:16 - [TEST_STEP][PASSED] - closeBrowser(): null

2022-10-30 15:05:16 - [TEST_STEP][PASSED] - closeBrowser(): Browser is closed

2022-10-30 15:05:17 - [MESSAGE][PASSED] - Browser is closed]]></system-out>
         <system-err><![CDATA[]]></system-err>
      </testcase>
      <testcase name="Test Cases/Step Definition/Feature Login/Log004 - User want to login without input user name and password" time="45.534" classname="Test Cases/Step Definition/Feature Login/Log004 - User want to login without input user name and password" status="PASSED">
         <system-out><![CDATA[2022-10-30 15:05:17 - [TEST_CASE][PASSED] - Test Cases/Step Definition/Feature Login/Log004 - User want to login without input user name and password: Test Cases/Step Definition/Feature Login/Log004 - User want to login without input user name and password

2022-10-30 15:05:17 - [TEST_STEP][PASSED] - Start listener action : beforeTestCase: Navigate to 'https://deployed-five.vercel.app/' successfully

2022-10-30 15:05:17 - [TEST_STEP][PASSED] - logInfo("Test Case: " + testCaseContext.getTestCaseId()): Test Case: Test Cases/Step Definition/Feature Login/Log004 - User want to login without input user name and password

2022-10-30 15:05:17 - [MESSAGE][INFO] - Test Case: Test Cases/Step Definition/Feature Login/Log004 - User want to login without input user name and password

2022-10-30 15:05:17 - [TEST_STEP][PASSED] - openBrowser(): null

2022-10-30 15:05:17 - [TEST_STEP][PASSED] - openBrowser(""): Browser is opened with url: ''

2022-10-30 15:05:17 - [MESSAGE][INFO] - Starting 'Chrome' driver

2022-10-30 15:05:17 - [MESSAGE][INFO] - Action delay is set to 0 milliseconds

2022-10-30 15:05:19 - [MESSAGE][PASSED] - Browser is opened with url: ''

2022-10-30 15:05:19 - [TEST_STEP][PASSED] - maximizeWindow(): Current window maximized

2022-10-30 15:05:19 - [MESSAGE][PASSED] - Current window maximized

2022-10-30 15:05:19 - [TEST_STEP][PASSED] - navigateToUrl("https://deployed-five.vercel.app/"): Navigate to 'https://deployed-five.vercel.app/' successfully

2022-10-30 15:05:22 - [MESSAGE][PASSED] - Navigate to 'https://deployed-five.vercel.app/' successfully

2022-10-30 15:05:23 - [TEST_STEP][PASSED] - callTestCase(findTestCase("Page/Login/Click Enter to Login Page"), [:], STOP_ON_FAILURE): Call Test Case 'Test Cases/Page/Login/Click Enter to Login Page' successfully

2022-10-30 15:05:23 - [TEST_CASE][PASSED] - Test Cases/Page/Login/Click Enter to Login Page: Test Cases/Page/Login/Click Enter to Login Page

2022-10-30 15:05:23 - [TEST_STEP][PASSED] - click(findTestObject("Page_Login/button_MasukHomePage")): Object: 'Object Repository/Page_Login/button_MasukHomePage' is clicked on

2022-10-30 15:05:25 - [MESSAGE][PASSED] - Object: 'Object Repository/Page_Login/button_MasukHomePage' is clicked on

2022-10-30 15:05:25 - [MESSAGE][PASSED] - Call Test Case 'Test Cases/Page/Login/Click Enter to Login Page' successfully

2022-10-30 15:05:25 - [TEST_STEP][PASSED] - callTestCase(findTestCase("Page/Login/Verify Content"), [:], STOP_ON_FAILURE): Call Test Case 'Test Cases/Page/Login/Verify Content' successfully

2022-10-30 15:05:25 - [TEST_CASE][PASSED] - Test Cases/Page/Login/Verify Content: Test Cases/Page/Login/Verify Content

2022-10-30 15:05:25 - [TEST_STEP][PASSED] - verifyElementVisible(findTestObject("Page_Login/image_PageLogin")): Object 'Object Repository/Page_Login/image_PageLogin' is visible

2022-10-30 15:05:26 - [MESSAGE][PASSED] - Object 'Object Repository/Page_Login/image_PageLogin' is visible

2022-10-30 15:05:26 - [TEST_STEP][PASSED] - verifyElementVisible(findTestObject("Page_Login/text_Masuk")): Object 'Object Repository/Page_Login/text_Masuk' is visible

2022-10-30 15:05:26 - [MESSAGE][PASSED] - Object 'Object Repository/Page_Login/text_Masuk' is visible

2022-10-30 15:05:26 - [TEST_STEP][PASSED] - verifyElementVisible(findTestObject("Page_Login/text_SecondHand")): Object 'Object Repository/Page_Login/text_SecondHand' is visible

2022-10-30 15:05:27 - [MESSAGE][PASSED] - Object 'Object Repository/Page_Login/text_SecondHand' is visible

2022-10-30 15:05:27 - [TEST_STEP][PASSED] - verifyElementVisible(findTestObject("Page_Login/label_Email")): Object 'Object Repository/Page_Login/label_Email' is visible

2022-10-30 15:05:27 - [MESSAGE][PASSED] - Object 'Object Repository/Page_Login/label_Email' is visible

2022-10-30 15:05:27 - [TEST_STEP][PASSED] - verifyElementVisible(findTestObject("Page_Login/textbox_Email")): Object 'Object Repository/Page_Login/textbox_Email' is visible

2022-10-30 15:05:28 - [MESSAGE][PASSED] - Object 'Object Repository/Page_Login/textbox_Email' is visible

2022-10-30 15:05:28 - [TEST_STEP][PASSED] - verifyElementVisible(findTestObject("Page_Login/label_Password")): Object 'Object Repository/Page_Login/label_Password' is visible

2022-10-30 15:05:28 - [MESSAGE][PASSED] - Object 'Object Repository/Page_Login/label_Password' is visible

2022-10-30 15:05:28 - [TEST_STEP][PASSED] - verifyElementVisible(findTestObject("Page_Login/textbox_Password")): Object 'Object Repository/Page_Login/textbox_Password' is visible

2022-10-30 15:05:29 - [MESSAGE][PASSED] - Object 'Object Repository/Page_Login/textbox_Password' is visible

2022-10-30 15:05:29 - [TEST_STEP][PASSED] - verifyElementVisible(findTestObject("Page_Login/button_Masuk")): Object 'Object Repository/Page_Login/button_Masuk' is visible

2022-10-30 15:05:29 - [MESSAGE][PASSED] - Object 'Object Repository/Page_Login/button_Masuk' is visible

2022-10-30 15:05:29 - [MESSAGE][PASSED] - Call Test Case 'Test Cases/Page/Login/Verify Content' successfully

2022-10-30 15:05:29 - [TEST_STEP][PASSED] - callTestCase(findTestCase("Page/Login/Click Login"), [:], STOP_ON_FAILURE): Call Test Case 'Test Cases/Page/Login/Click Login' successfully

2022-10-30 15:05:29 - [TEST_CASE][PASSED] - Test Cases/Page/Login/Click Login: Test Cases/Page/Login/Click Login

2022-10-30 15:05:29 - [TEST_STEP][PASSED] - click(findTestObject("Page_Login/button_Masuk")): Object: 'Object Repository/Page_Login/button_Masuk' is clicked on

2022-10-30 15:05:30 - [MESSAGE][PASSED] - Object: 'Object Repository/Page_Login/button_Masuk' is clicked on

2022-10-30 15:05:30 - [MESSAGE][PASSED] - Call Test Case 'Test Cases/Page/Login/Click Login' successfully

2022-10-30 15:05:30 - [TEST_STEP][PASSED] - callTestCase(findTestCase("Page/Login/Verify Account"), [:], STOP_ON_FAILURE): Call Test Case 'Test Cases/Page/Login/Verify Account' successfully

2022-10-30 15:05:30 - [TEST_CASE][PASSED] - Test Cases/Page/Login/Verify Account: Test Cases/Page/Login/Verify Account

2022-10-30 15:05:30 - [TEST_STEP][PASSED] - verifyElementVisible(findTestObject("Page_Login/popup_Akun tidak ditemukan")): Object 'Object Repository/Page_Login/popup_Akun tidak ditemukan' is visible

2022-10-30 15:06:01 - [MESSAGE][INFO] - Unable to find the element located by 'By.xpath: id("root")/div[@class="App"]/div[@class="row"]/div[@class="col-sm-6 form-register"]/form[1]/div[@class="alert alert-danger alert-dismissible fade show"][count(. | //*[(text() = 'Akun tidak ditemukan×' or . = 'Akun tidak ditemukan×')]) = count(//*[(text() = 'Akun tidak ditemukan×' or . = 'Akun tidak ditemukan×')])]'. Please recheck the objects properties to make sure the desired element is located. 

2022-10-30 15:06:01 - [MESSAGE][WARNING] - [SELF-HEALING] Failed to find element with id 'Object Repository/Page_Login/popup_Akun tidak ditemukan'. Try using Self-healing.

2022-10-30 15:06:02 - [MESSAGE][WARNING] - [SELF-HEALING] The current locator of test object 'Object Repository/Page_Login/popup_Akun tidak ditemukan' was broken. Propose an alternative one: '//div[@id='root']/div/div/div[2]/form/div'.

2022-10-30 15:06:02 - [MESSAGE][PASSED] - Object 'Object Repository/Page_Login/popup_Akun tidak ditemukan' is visible

2022-10-30 15:06:02 - [MESSAGE][INFO] - 

2022-10-30 15:06:02 - [MESSAGE][INFO] - ===================== Self-healing Report ====================

2022-10-30 15:06:02 - [MESSAGE][INFO] - One of the failed test object locators has been recovered by Self-healing. Please refer to the Self-healing Insights tab for more details.

2022-10-30 15:06:02 - [MESSAGE][INFO] - To learn more about Self-healing, please read https://docs.katalon.com/katalon-studio/docs/self-healing.html

2022-10-30 15:06:02 - [MESSAGE][INFO] - ==============================================================

2022-10-30 15:06:02 - [MESSAGE][PASSED] - Call Test Case 'Test Cases/Page/Login/Verify Account' successfully

2022-10-30 15:06:02 - [TEST_STEP][PASSED] - delay(0): Delayed 0 second(s)

2022-10-30 15:06:02 - [MESSAGE][PASSED] - Delayed 0 second(s)

2022-10-30 15:06:02 - [TEST_STEP][PASSED] - Start listener action : afterTestCase: Browser is closed

2022-10-30 15:06:02 - [TEST_STEP][PASSED] - logInfo("Test Case: " + testCaseContext.getTestCaseId()): Test Case: Test Cases/Step Definition/Feature Login/Log004 - User want to login without input user name and password

2022-10-30 15:06:02 - [MESSAGE][INFO] - Test Case: Test Cases/Step Definition/Feature Login/Log004 - User want to login without input user name and password

2022-10-30 15:06:02 - [TEST_STEP][PASSED] - closeBrowser(): null

2022-10-30 15:06:02 - [TEST_STEP][PASSED] - closeBrowser(): Browser is closed

2022-10-30 15:06:03 - [MESSAGE][PASSED] - Browser is closed]]></system-out>
         <system-err><![CDATA[]]></system-err>
      </testcase>
      <testcase name="Test Cases/Step Definition/Feature Login/Log005 - User want to login using correct credential" time="21.741" classname="Test Cases/Step Definition/Feature Login/Log005 - User want to login using correct credential" status="PASSED">
         <system-out><![CDATA[2022-10-30 15:06:03 - [TEST_CASE][PASSED] - Test Cases/Step Definition/Feature Login/Log005 - User want to login using correct credential: Test Cases/Step Definition/Feature Login/Log005 - User want to login using correct credential

2022-10-30 15:06:03 - [TEST_STEP][PASSED] - Start listener action : beforeTestCase: Navigate to 'https://deployed-five.vercel.app/' successfully

2022-10-30 15:06:03 - [TEST_STEP][PASSED] - logInfo("Test Case: " + testCaseContext.getTestCaseId()): Test Case: Test Cases/Step Definition/Feature Login/Log005 - User want to login using correct credential

2022-10-30 15:06:03 - [MESSAGE][INFO] - Test Case: Test Cases/Step Definition/Feature Login/Log005 - User want to login using correct credential

2022-10-30 15:06:03 - [TEST_STEP][PASSED] - openBrowser(): null

2022-10-30 15:06:03 - [TEST_STEP][PASSED] - openBrowser(""): Browser is opened with url: ''

2022-10-30 15:06:03 - [MESSAGE][INFO] - Starting 'Chrome' driver

2022-10-30 15:06:03 - [MESSAGE][INFO] - Action delay is set to 0 milliseconds

2022-10-30 15:06:04 - [MESSAGE][PASSED] - Browser is opened with url: ''

2022-10-30 15:06:04 - [TEST_STEP][PASSED] - maximizeWindow(): Current window maximized

2022-10-30 15:06:05 - [MESSAGE][PASSED] - Current window maximized

2022-10-30 15:06:05 - [TEST_STEP][PASSED] - navigateToUrl("https://deployed-five.vercel.app/"): Navigate to 'https://deployed-five.vercel.app/' successfully

2022-10-30 15:06:08 - [MESSAGE][PASSED] - Navigate to 'https://deployed-five.vercel.app/' successfully

2022-10-30 15:06:09 - [TEST_STEP][PASSED] - callTestCase(findTestCase("Page/Login/Click Enter to Login Page"), [:], STOP_ON_FAILURE): Call Test Case 'Test Cases/Page/Login/Click Enter to Login Page' successfully

2022-10-30 15:06:09 - [TEST_CASE][PASSED] - Test Cases/Page/Login/Click Enter to Login Page: Test Cases/Page/Login/Click Enter to Login Page

2022-10-30 15:06:09 - [TEST_STEP][PASSED] - click(findTestObject("Page_Login/button_MasukHomePage")): Object: 'Object Repository/Page_Login/button_MasukHomePage' is clicked on

2022-10-30 15:06:11 - [MESSAGE][PASSED] - Object: 'Object Repository/Page_Login/button_MasukHomePage' is clicked on

2022-10-30 15:06:11 - [MESSAGE][PASSED] - Call Test Case 'Test Cases/Page/Login/Click Enter to Login Page' successfully

2022-10-30 15:06:11 - [TEST_STEP][PASSED] - callTestCase(findTestCase("Page/Login/Verify Content"), [:], STOP_ON_FAILURE): Call Test Case 'Test Cases/Page/Login/Verify Content' successfully

2022-10-30 15:06:11 - [TEST_CASE][PASSED] - Test Cases/Page/Login/Verify Content: Test Cases/Page/Login/Verify Content

2022-10-30 15:06:11 - [TEST_STEP][PASSED] - verifyElementVisible(findTestObject("Page_Login/image_PageLogin")): Object 'Object Repository/Page_Login/image_PageLogin' is visible

2022-10-30 15:06:12 - [MESSAGE][PASSED] - Object 'Object Repository/Page_Login/image_PageLogin' is visible

2022-10-30 15:06:12 - [TEST_STEP][PASSED] - verifyElementVisible(findTestObject("Page_Login/text_Masuk")): Object 'Object Repository/Page_Login/text_Masuk' is visible

2022-10-30 15:06:12 - [MESSAGE][PASSED] - Object 'Object Repository/Page_Login/text_Masuk' is visible

2022-10-30 15:06:12 - [TEST_STEP][PASSED] - verifyElementVisible(findTestObject("Page_Login/text_SecondHand")): Object 'Object Repository/Page_Login/text_SecondHand' is visible

2022-10-30 15:06:13 - [MESSAGE][PASSED] - Object 'Object Repository/Page_Login/text_SecondHand' is visible

2022-10-30 15:06:13 - [TEST_STEP][PASSED] - verifyElementVisible(findTestObject("Page_Login/label_Email")): Object 'Object Repository/Page_Login/label_Email' is visible

2022-10-30 15:06:13 - [MESSAGE][PASSED] - Object 'Object Repository/Page_Login/label_Email' is visible

2022-10-30 15:06:13 - [TEST_STEP][PASSED] - verifyElementVisible(findTestObject("Page_Login/textbox_Email")): Object 'Object Repository/Page_Login/textbox_Email' is visible

2022-10-30 15:06:14 - [MESSAGE][PASSED] - Object 'Object Repository/Page_Login/textbox_Email' is visible

2022-10-30 15:06:14 - [TEST_STEP][PASSED] - verifyElementVisible(findTestObject("Page_Login/label_Password")): Object 'Object Repository/Page_Login/label_Password' is visible

2022-10-30 15:06:14 - [MESSAGE][PASSED] - Object 'Object Repository/Page_Login/label_Password' is visible

2022-10-30 15:06:14 - [TEST_STEP][PASSED] - verifyElementVisible(findTestObject("Page_Login/textbox_Password")): Object 'Object Repository/Page_Login/textbox_Password' is visible

2022-10-30 15:06:14 - [MESSAGE][PASSED] - Object 'Object Repository/Page_Login/textbox_Password' is visible

2022-10-30 15:06:14 - [TEST_STEP][PASSED] - verifyElementVisible(findTestObject("Page_Login/button_Masuk")): Object 'Object Repository/Page_Login/button_Masuk' is visible

2022-10-30 15:06:15 - [MESSAGE][PASSED] - Object 'Object Repository/Page_Login/button_Masuk' is visible

2022-10-30 15:06:15 - [MESSAGE][PASSED] - Call Test Case 'Test Cases/Page/Login/Verify Content' successfully

2022-10-30 15:06:15 - [TEST_STEP][PASSED] - callTestCase(findTestCase("Page/Login/Input Email"), ["email":"binarqae1@gmail.com"], STOP_ON_FAILURE): Call Test Case 'Test Cases/Page/Login/Input Email' successfully

2022-10-30 15:06:15 - [TEST_CASE][PASSED] - Test Cases/Page/Login/Input Email: Test Cases/Page/Login/Input Email

2022-10-30 15:06:16 - [TEST_STEP][PASSED] - clearText(findTestObject("Page_Login/textbox_Email")): Text of object 'Object Repository/Page_Login/textbox_Email' is cleared

2022-10-30 15:06:16 - [MESSAGE][PASSED] - Text of object 'Object Repository/Page_Login/textbox_Email' is cleared

2022-10-30 15:06:16 - [TEST_STEP][PASSED] - sendKeys(findTestObject("Page_Login/textbox_Email"), email): Keys 'binarqae1@gmail.com' sent to object: 'Object Repository/Page_Login/textbox_Email'

2022-10-30 15:06:17 - [MESSAGE][PASSED] - Keys 'binarqae1@gmail.com' sent to object: 'Object Repository/Page_Login/textbox_Email'

2022-10-30 15:06:17 - [MESSAGE][PASSED] - Call Test Case 'Test Cases/Page/Login/Input Email' successfully

2022-10-30 15:06:17 - [TEST_STEP][PASSED] - callTestCase(findTestCase("Page/Login/Input Password"), ["password":"students1234"], STOP_ON_FAILURE): Call Test Case 'Test Cases/Page/Login/Input Password' successfully

2022-10-30 15:06:17 - [TEST_CASE][PASSED] - Test Cases/Page/Login/Input Password: Test Cases/Page/Login/Input Password

2022-10-30 15:06:17 - [TEST_STEP][PASSED] - clearText(findTestObject("Page_Login/textbox_Password")): Text of object 'Object Repository/Page_Login/textbox_Password' is cleared

2022-10-30 15:06:17 - [MESSAGE][PASSED] - Text of object 'Object Repository/Page_Login/textbox_Password' is cleared

2022-10-30 15:06:17 - [TEST_STEP][PASSED] - sendKeys(findTestObject("Page_Login/textbox_Password"), password): Keys 'students1234' sent to object: 'Object Repository/Page_Login/textbox_Password'

2022-10-30 15:06:18 - [MESSAGE][PASSED] - Keys 'students1234' sent to object: 'Object Repository/Page_Login/textbox_Password'

2022-10-30 15:06:18 - [MESSAGE][PASSED] - Call Test Case 'Test Cases/Page/Login/Input Password' successfully

2022-10-30 15:06:18 - [TEST_STEP][PASSED] - callTestCase(findTestCase("Page/Login/Click Login"), [:], STOP_ON_FAILURE): Call Test Case 'Test Cases/Page/Login/Click Login' successfully

2022-10-30 15:06:18 - [TEST_CASE][PASSED] - Test Cases/Page/Login/Click Login: Test Cases/Page/Login/Click Login

2022-10-30 15:06:18 - [TEST_STEP][PASSED] - click(findTestObject("Page_Login/button_Masuk")): Object: 'Object Repository/Page_Login/button_Masuk' is clicked on

2022-10-30 15:06:18 - [MESSAGE][PASSED] - Object: 'Object Repository/Page_Login/button_Masuk' is clicked on

2022-10-30 15:06:18 - [MESSAGE][PASSED] - Call Test Case 'Test Cases/Page/Login/Click Login' successfully

2022-10-30 15:06:18 - [TEST_STEP][PASSED] - delay(5): Delayed 5 second(s)

2022-10-30 15:06:23 - [MESSAGE][PASSED] - Delayed 5 second(s)

2022-10-30 15:06:23 - [TEST_STEP][PASSED] - Start listener action : afterTestCase: Browser is closed

2022-10-30 15:06:23 - [TEST_STEP][PASSED] - logInfo("Test Case: " + testCaseContext.getTestCaseId()): Test Case: Test Cases/Step Definition/Feature Login/Log005 - User want to login using correct credential

2022-10-30 15:06:23 - [MESSAGE][INFO] - Test Case: Test Cases/Step Definition/Feature Login/Log005 - User want to login using correct credential

2022-10-30 15:06:23 - [TEST_STEP][PASSED] - closeBrowser(): null

2022-10-30 15:06:23 - [TEST_STEP][PASSED] - closeBrowser(): Browser is closed

2022-10-30 15:06:24 - [MESSAGE][PASSED] - Browser is closed]]></system-out>
         <system-err><![CDATA[]]></system-err>
      </testcase>
      <system-out><![CDATA[2022-10-30 15:02:58 - [TEST_SUITE][PASSED] - Login: Test Cases/Step Definition/Feature Login/Log005 - User want to login using correct credential]]></system-out>
      <system-err><![CDATA[]]></system-err>
   </testsuite>
</testsuites>
